<?xml version="1.0" encoding="UTF-8"?>
<!-- Generated by org.testng.reporters.JUnitXMLReporter -->
<testsuite ignored="0" hostname="IND-CHN-LT11632" failures="1" tests="1" name="scenarios" time="0.079" errors="0" timestamp="2023-08-06T10:12:37 IST">
  <testcase classname="POM_Samples.browser" name="botharecorrect" time="0.0">
    <failure type="org.testng.TestNGException" message="
Cannot inject @Test annotated Method [botharecorrect] with [class java.lang.String, class java.lang.String].
For more information on native dependency injection please refer to https://testng.org/doc/documentation-main.html#native-dependency-injection">
      <![CDATA[org.testng.TestNGException: 
Cannot inject @Test annotated Method [botharecorrect] with [class java.lang.String, class java.lang.String].
For more information on native dependency injection please refer to https://testng.org/doc/documentation-main.html#native-dependency-injection
at java.base/java.util.ArrayList.forEach(ArrayList.java:1511)
... Removed 26 stack frames]]>
    </failure>
  </testcase> <!-- botharecorrect -->
</testsuite> <!-- scenarios -->
